2022-04-05 16:44:43,819 ERROR [ProcessTestEmail-listener[5]] null receivers.Receiver - Receiver [ProcessTestEmail] Exception post processing message messageId [<AM9PR02MB7249386D85490C9684092F8292E49@AM9PR02MB7249.eurprd02.prod.outlook.com>] cid [<AM9PR02MB7249386D85490C9684092F8292E49@AM9PR02MB7249.eurprd02.prod.outlook.com>]
nl.nn.adapterframework.core.ListenerException: Could not move or delete file [AAMkAGMzYThiNzU3LWNhOTQtNGM1Ni1iYTkxLWJjZTA0ZGQ2Y2FhNgBGAAAAAAAAH7i1NjUeRIxR69qnaYOEBwAJbz8pt1rESpufYwqBSLW3AAHNs89uAAAJbz8pt1rESpufYwqBSLW3AAIy+ImeAAA=]: file to copy [AAMkAGMzYThiNzU3LWNhOTQtNGM1Ni1iYTkxLWJjZTA0ZGQ2Y2FhNgBGAAAAAAAAH7i1NjUeRIxR69qnaYOEBwAJbz8pt1rESpufYwqBSLW3AAHNs89uAAAJbz8pt1rESpufYwqBSLW3AAIy+ImeAAA=], canonical name [AAMkAGMzYThiNzU3LWNhOTQtNGM1Ni1iYTkxLWJjZTA0ZGQ2Y2FhNgBGAAAAAAAAH7i1NjUeRIxR69qnaYOEBwAJbz8pt1rESpufYwqBSLW3AAHNs89uAAAJbz8pt1rESpufYwqBSLW3AAIy+ImeAAA=], does not exist
      at nl.nn.adapterframework.filesystem.FileSystemListener.afterMessageProcessed(FileSystemListener.java:276) ~[ibis-adapterframework-core-7.8-20220405.104615.jar:7.8-20220405.104615]
      at nl.nn.adapterframework.receivers.Receiver.processMessageInAdapter(Receiver.java:1370) ~[ibis-adapterframework-core-7.8-20220405.104615.jar:7.8-20220405.104615]
      at nl.nn.adapterframework.receivers.Receiver.processRawMessage(Receiver.java:1084) ~[ibis-adapterframework-core-7.8-20220405.104615.jar:7.8-20220405.104615]
      at nl.nn.adapterframework.receivers.Receiver.processRawMessage(Receiver.java:1034) ~[ibis-adapterframework-core-7.8-20220405.104615.jar:7.8-20220405.104615]
      at nl.nn.adapterframework.receivers.Receiver.processRawMessage(Receiver.java:1026) ~[ibis-adapterframework-core-7.8-20220405.104615.jar:7.8-20220405.104615]
      at nl.nn.adapterframework.receivers.PullingListenerContainer$ListenTask.run(PullingListenerContainer.java:298) ~[ibis-adapterframework-core-7.8-20220405.104615.jar:7.8-20220405.104615]
      at java.lang.Thread.run(Thread.java:748) ~[?:1.8.0_292]
Caused by: nl.nn.adapterframework.filesystem.FileNotFoundException: file to copy [AAMkAGMzYThiNzU3LWNhOTQtNGM1Ni1iYTkxLWJjZTA0ZGQ2Y2FhNgBGAAAAAAAAH7i1NjUeRIxR69qnaYOEBwAJbz8pt1rESpufYwqBSLW3AAHNs89uAAAJbz8pt1rESpufYwqBSLW3AAIy+ImeAAA=], canonical name [AAMkAGMzYThiNzU3LWNhOTQtNGM1Ni1iYTkxLWJjZTA0ZGQ2Y2FhNgBGAAAAAAAAH7i1NjUeRIxR69qnaYOEBwAJbz8pt1rESpufYwqBSLW3AAHNs89uAAAJbz8pt1rESpufYwqBSLW3AAIy+ImeAAA=], does not exist
      at nl.nn.adapterframework.filesystem.FileSystemUtils.checkSource(FileSystemUtils.java:48) ~[ibis-adapterframework-core-7.8-20220405.104615.jar:7.8-20220405.104615]
      at nl.nn.adapterframework.filesystem.FileSystemUtils.copyFile(FileSystemUtils.java:112) ~[ibis-adapterframework-core-7.8-20220405.104615.jar:7.8-20220405.104615]
      at nl.nn.adapterframework.filesystem.FileSystemListener.afterMessageProcessed(FileSystemListener.java:269) ~[ibis-adapterframework-core-7.8-20220405.104615.jar:7.8-20220405.104615]
      ... 6 more
2022-04-05 16:44:43,819 ERROR [ProcessTestEmail-listener[5]] null receivers.Receiver - Receiver [ProcessTestEmail] caught Exception processing message
nl.nn.adapterframework.core.ListenerException: Could not move or delete file [AAMkAGMzYThiNzU3LWNhOTQtNGM1Ni1iYTkxLWJjZTA0ZGQ2Y2FhNgBGAAAAAAAAH7i1NjUeRIxR69qnaYOEBwAJbz8pt1rESpufYwqBSLW3AAHNs89uAAAJbz8pt1rESpufYwqBSLW3AAIy+ImeAAA=]: file to copy [AAMkAGMzYThiNzU3LWNhOTQtNGM1Ni1iYTkxLWJjZTA0ZGQ2Y2FhNgBGAAAAAAAAH7i1NjUeRIxR69qnaYOEBwAJbz8pt1rESpufYwqBSLW3AAHNs89uAAAJbz8pt1rESpufYwqBSLW3AAIy+ImeAAA=], canonical name [AAMkAGMzYThiNzU3LWNhOTQtNGM1Ni1iYTkxLWJjZTA0ZGQ2Y2FhNgBGAAAAAAAAH7i1NjUeRIxR69qnaYOEBwAJbz8pt1rESpufYwqBSLW3AAHNs89uAAAJbz8pt1rESpufYwqBSLW3AAIy+ImeAAA=], does not exist
      at nl.nn.adapterframework.filesystem.FileSystemListener.afterMessageProcessed(FileSystemListener.java:276) ~[ibis-adapterframework-core-7.8-20220405.104615.jar:7.8-20220405.104615]
      at nl.nn.adapterframework.receivers.Receiver.processMessageInAdapter(Receiver.java:1370) ~[ibis-adapterframework-core-7.8-20220405.104615.jar:7.8-20220405.104615]
      at nl.nn.adapterframework.receivers.Receiver.processRawMessage(Receiver.java:1084) ~[ibis-adapterframework-core-7.8-20220405.104615.jar:7.8-20220405.104615]
      at nl.nn.adapterframework.receivers.Receiver.processRawMessage(Receiver.java:1034) ~[ibis-adapterframework-core-7.8-20220405.104615.jar:7.8-20220405.104615]
      at nl.nn.adapterframework.receivers.Receiver.processRawMessage(Receiver.java:1026) ~[ibis-adapterframework-core-7.8-20220405.104615.jar:7.8-20220405.104615]
      at nl.nn.adapterframework.receivers.PullingListenerContainer$ListenTask.run(PullingListenerContainer.java:298) ~[ibis-adapterframework-core-7.8-20220405.104615.jar:7.8-20220405.104615]
      at java.lang.Thread.run(Thread.java:748) ~[?:1.8.0_292]
Caused by: nl.nn.adapterframework.filesystem.FileNotFoundException: file to copy [AAMkAGMzYThiNzU3LWNhOTQtNGM1Ni1iYTkxLWJjZTA0ZGQ2Y2FhNgBGAAAAAAAAH7i1NjUeRIxR69qnaYOEBwAJbz8pt1rESpufYwqBSLW3AAHNs89uAAAJbz8pt1rESpufYwqBSLW3AAIy+ImeAAA=], canonical name [AAMkAGMzYThiNzU3LWNhOTQtNGM1Ni1iYTkxLWJjZTA0ZGQ2Y2FhNgBGAAAAAAAAH7i1NjUeRIxR69qnaYOEBwAJbz8pt1rESpufYwqBSLW3AAHNs89uAAAJbz8pt1rESpufYwqBSLW3AAIy+ImeAAA=], does not exist
      at nl.nn.adapterframework.filesystem.FileSystemUtils.checkSource(FileSystemUtils.java:48) ~[ibis-adapterframework-core-7.8-20220405.104615.jar:7.8-20220405.104615]
      at nl.nn.adapterframework.filesystem.FileSystemUtils.copyFile(FileSystemUtils.java:112) ~[ibis-adapterframework-core-7.8-20220405.104615.jar:7.8-20220405.104615]
      at nl.nn.adapterframework.filesystem.FileSystemListener.afterMessageProcessed(FileSystemListener.java:269) ~[ibis-adapterframework-core-7.8-20220405.104615.jar:7.8-20220405.104615]
      ... 6 more
2022-04-05 16:44:43,819 ERROR [ProcessTestEmail-listener[5]] null receivers.Receiver - Receiver [ProcessTestEmail] caught Exception processing message, will continue processing next message
nl.nn.adapterframework.core.ListenerException: Could not move or delete file [AAMkAGMzYThiNzU3LWNhOTQtNGM1Ni1iYTkxLWJjZTA0ZGQ2Y2FhNgBGAAAAAAAAH7i1NjUeRIxR69qnaYOEBwAJbz8pt1rESpufYwqBSLW3AAHNs89uAAAJbz8pt1rESpufYwqBSLW3AAIy+ImeAAA=]: file to copy [AAMkAGMzYThiNzU3LWNhOTQtNGM1Ni1iYTkxLWJjZTA0ZGQ2Y2FhNgBGAAAAAAAAH7i1NjUeRIxR69qnaYOEBwAJbz8pt1rESpufYwqBSLW3AAHNs89uAAAJbz8pt1rESpufYwqBSLW3AAIy+ImeAAA=], canonical name [AAMkAGMzYThiNzU3LWNhOTQtNGM1Ni1iYTkxLWJjZTA0ZGQ2Y2FhNgBGAAAAAAAAH7i1NjUeRIxR69qnaYOEBwAJbz8pt1rESpufYwqBSLW3AAHNs89uAAAJbz8pt1rESpufYwqBSLW3AAIy+ImeAAA=], does not exist
      at nl.nn.adapterframework.filesystem.FileSystemListener.afterMessageProcessed(FileSystemListener.java:276) ~[ibis-adapterframework-core-7.8-20220405.104615.jar:7.8-20220405.104615]
      at nl.nn.adapterframework.receivers.Receiver.processMessageInAdapter(Receiver.java:1370) ~[ibis-adapterframework-core-7.8-20220405.104615.jar:7.8-20220405.104615]
      at nl.nn.adapterframework.receivers.Receiver.processRawMessage(Receiver.java:1084) ~[ibis-adapterframework-core-7.8-20220405.104615.jar:7.8-20220405.104615]
      at nl.nn.adapterframework.receivers.Receiver.processRawMessage(Receiver.java:1034) ~[ibis-adapterframework-core-7.8-20220405.104615.jar:7.8-20220405.104615]
      at nl.nn.adapterframework.receivers.Receiver.processRawMessage(Receiver.java:1026) ~[ibis-adapterframework-core-7.8-20220405.104615.jar:7.8-20220405.104615]
      at nl.nn.adapterframework.receivers.PullingListenerContainer$ListenTask.run(PullingListenerContainer.java:298) ~[ibis-adapterframework-core-7.8-20220405.104615.jar:7.8-20220405.104615]
      at java.lang.Thread.run(Thread.java:748) ~[?:1.8.0_292]
Caused by: nl.nn.adapterframework.filesystem.FileNotFoundException: file to copy [AAMkAGMzYThiNzU3LWNhOTQtNGM1Ni1iYTkxLWJjZTA0ZGQ2Y2FhNgBGAAAAAAAAH7i1NjUeRIxR69qnaYOEBwAJbz8pt1rESpufYwqBSLW3AAHNs89uAAAJbz8pt1rESpufYwqBSLW3AAIy+ImeAAA=], canonical name [AAMkAGMzYThiNzU3LWNhOTQtNGM1Ni1iYTkxLWJjZTA0ZGQ2Y2FhNgBGAAAAAAAAH7i1NjUeRIxR69qnaYOEBwAJbz8pt1rESpufYwqBSLW3AAHNs89uAAAJbz8pt1rESpufYwqBSLW3AAIy+ImeAAA=], does not exist
      at nl.nn.adapterframework.filesystem.FileSystemUtils.checkSource(FileSystemUtils.java:48) ~[ibis-adapterframework-core-7.8-20220405.104615.jar:7.8-20220405.104615]
      at nl.nn.adapterframework.filesystem.FileSystemUtils.copyFile(FileSystemUtils.java:112) ~[ibis-adapterframework-core-7.8-20220405.104615.jar:7.8-20220405.104615]
      at nl.nn.adapterframework.filesystem.FileSystemListener.afterMessageProcessed(FileSystemListener.java:269) ~[ibis-adapterframework-core-7.8-20220405.104615.jar:7.8-20220405.104615]
      ... 6 more